#
# There is insufficient memory for the Java Runtime Environment to continue.
# Native memory allocation (malloc) failed to allocate 1724336 bytes for Chunk::new
# Possible reasons:
#   The system is out of physical RAM or swap space
#   The process is running with CompressedOops enabled, and the Java Heap may be blocking the growth of the native heap
# Possible solutions:
#   Reduce memory load on the system
#   Increase physical memory or swap space
#   Check if swap backing store is full
#   Decrease Java heap size (-Xmx/-Xms)
#   Decrease number of Java threads
#   Decrease Java thread stack sizes (-Xss)
#   Set larger code cache with -XX:ReservedCodeCacheSize=
#   JVM is running with Zero Based Compressed Oops mode in which the Java heap is
#     placed in the first 32GB address space. The Java Heap base address is the
#     maximum limit for the native heap growth. Please use -XX:HeapBaseMinAddress
#     to set the Java Heap base and to place the Java Heap above 32GB virtual address.
# This output file may be truncated or incomplete.
#
#  Out of Memory Error (./open/src/hotspot/share/memory/arena.cpp:197), pid=24492, tid=36200
#
# JRE version: Java(TM) SE Runtime Environment 18.9 (11.0.10+8) (build 11.0.10+8-LTS-162)
# Java VM: Java HotSpot(TM) 64-Bit Server VM 18.9 (11.0.10+8-LTS-162, mixed mode, tiered, compressed oops, g1 gc, windows-amd64)
# No core dump will be written. Minidumps are not enabled by default on client versions of Windows
#

---------------  S U M M A R Y ------------

Command Line: -ea -Didea.test.cyclic.buffer.size=1048576 -javaagent:C:\Users\b6350\AppData\Local\JetBrains\Toolbox\apps\IDEA-C\ch-0\223.8214.52\lib\idea_rt.jar=55064:C:\Users\b6350\AppData\Local\JetBrains\Toolbox\apps\IDEA-C\ch-0\223.8214.52\bin -Dfile.encoding=UTF-8 com.intellij.rt.junit.JUnitStarter -ideVersion5 -junit5 springjpaexercise.useritempromotionexample.unittest.controller.user.ValidTest,invalidUsername

Host: Intel(R) Core(TM) i5-8265U CPU @ 1.60GHz, 8 cores, 15G,  Windows 10 , 64 bit Build 22621 (10.0.22621.1928)
Time: Tue Jul 18 00:57:39 2023 대한민국 표준시 elapsed time: 6.153311 seconds (0d 0h 0m 6s)

---------------  T H R E A D  ---------------

Current thread (0x00000156af5d2000):  JavaThread "C2 CompilerThread2" daemon [_thread_in_native, id=36200, stack(0x00000006d1b00000,0x00000006d1c00000)]


Current CompileTask:
C2:   6153 3771   !   4       jdk.internal.loader.BuiltinClassLoader::findClassOnClassPathOrNull (64 bytes)

Stack: [0x00000006d1b00000,0x00000006d1c00000]
Native frames: (J=compiled Java code, j=interpreted, Vv=VM code, C=native code)
V  [jvm.dll+0x613e6a]
V  [jvm.dll+0x74c1ff]
V  [jvm.dll+0x74d885]
V  [jvm.dll+0x74df03]
V  [jvm.dll+0x243b78]
V  [jvm.dll+0xba2cc]
V  [jvm.dll+0xba9cc]
V  [jvm.dll+0x3469c7]
V  [jvm.dll+0x194059]
V  [jvm.dll+0x1fd4a2]
V  [jvm.dll+0x1fc54f]
V  [jvm.dll+0x17f09c]
V  [jvm.dll+0x20bbd4]
V  [jvm.dll+0x209cab]
V  [jvm.dll+0x713619]
V  [jvm.dll+0x70c314]
V  [jvm.dll+0x613036]
C  [ucrtbase.dll+0x29363]
C  [KERNEL32.DLL+0x126ad]
C  [ntdll.dll+0x5aa68]


---------------  P R O C E S S  ---------------

Threads class SMR info:
_java_thread_list=0x00000156b26f56f0, length=13, elements={
0x0000015688fef800, 0x00000156ae883800, 0x00000156af13b000, 0x00000156ae88e800,
0x00000156af1a0800, 0x00000156af1a2000, 0x00000156af1a8800, 0x00000156af1b2000,
0x00000156ae83d000, 0x00000156af38e800, 0x00000156af58d800, 0x00000156af58e000,
0x00000156af5d2000
}

Java Threads: ( => current thread )
  0x0000015688fef800 JavaThread "main" [_thread_in_native, id=23072, stack(0x00000006d0800000,0x00000006d0900000)]
  0x00000156ae883800 JavaThread "Reference Handler" daemon [_thread_blocked, id=27856, stack(0x00000006d0f00000,0x00000006d1000000)]
  0x00000156af13b000 JavaThread "Finalizer" daemon [_thread_blocked, id=13068, stack(0x00000006d1000000,0x00000006d1100000)]
  0x00000156ae88e800 JavaThread "Signal Dispatcher" daemon [_thread_blocked, id=24756, stack(0x00000006d1100000,0x00000006d1200000)]
  0x00000156af1a0800 JavaThread "Attach Listener" daemon [_thread_blocked, id=7164, stack(0x00000006d1200000,0x00000006d1300000)]
  0x00000156af1a2000 JavaThread "C2 CompilerThread0" daemon [_thread_in_native, id=33524, stack(0x00000006d1300000,0x00000006d1400000)]
  0x00000156af1a8800 JavaThread "C1 CompilerThread0" daemon [_thread_blocked, id=36352, stack(0x00000006d1400000,0x00000006d1500000)]
  0x00000156af1b2000 JavaThread "Sweeper thread" daemon [_thread_blocked, id=18304, stack(0x00000006d1500000,0x00000006d1600000)]
  0x00000156ae83d000 JavaThread "Common-Cleaner" daemon [_thread_blocked, id=13800, stack(0x00000006d1600000,0x00000006d1700000)]
  0x00000156af38e800 JavaThread "C2 CompilerThread1" daemon [_thread_in_native, id=36704, stack(0x00000006d1700000,0x00000006d1800000)]
  0x00000156af58d800 JavaThread "Monitor Ctrl-Break" daemon [_thread_in_native, id=25520, stack(0x00000006d1800000,0x00000006d1900000)]
  0x00000156af58e000 JavaThread "Service Thread" daemon [_thread_blocked, id=29844, stack(0x00000006d1900000,0x00000006d1a00000)]
=>0x00000156af5d2000 JavaThread "C2 CompilerThread2" daemon [_thread_in_native, id=36200, stack(0x00000006d1b00000,0x00000006d1c00000)]

Other Threads:
  0x00000156ae882000 VMThread "VM Thread" [stack: 0x00000006d0e00000,0x00000006d0f00000] [id=36112]
  0x00000156af58f000 WatcherThread [stack: 0x00000006d1a00000,0x00000006d1b00000] [id=27848]
  0x0000015689004800 GCTaskThread "GC Thread#0" [stack: 0x00000006d0900000,0x00000006d0a00000] [id=26784]
  0x00000156b01db000 GCTaskThread "GC Thread#1" [stack: 0x00000006d1c00000,0x00000006d1d00000] [id=11404]
  0x00000156b04e9800 GCTaskThread "GC Thread#2" [stack: 0x00000006d1d00000,0x00000006d1e00000] [id=26000]
  0x00000156b0200800 GCTaskThread "GC Thread#3" [stack: 0x00000006d1e00000,0x00000006d1f00000] [id=10344]
  0x00000156b047b000 GCTaskThread "GC Thread#4" [stack: 0x00000006d1f00000,0x00000006d2000000] [id=33476]
  0x00000156b052e800 GCTaskThread "GC Thread#5" [stack: 0x00000006d2000000,0x00000006d2100000] [id=6900]
  0x0000015689061800 ConcurrentGCThread "G1 Main Marker" [stack: 0x00000006d0a00000,0x00000006d0b00000] [id=27752]
  0x0000015689063000 ConcurrentGCThread "G1 Conc#0" [stack: 0x00000006d0b00000,0x00000006d0c00000] [id=4148]
  0x00000156b069a000 ConcurrentGCThread "G1 Conc#1" [stack: 0x00000006d2100000,0x00000006d2200000] [id=35352]
  0x00000156ae766000 ConcurrentGCThread "G1 Refine#0" [stack: 0x00000006d0c00000,0x00000006d0d00000] [id=18176]
  0x00000156ae769800 ConcurrentGCThread "G1 Young RemSet Sampling" [stack: 0x00000006d0d00000,0x00000006d0e00000] [id=23980]

Threads with active compile tasks:
C2 CompilerThread0   6191 3783       4       jdk.internal.loader.BuiltinClassLoader::loadClassOrNull (7 bytes)
C2 CompilerThread1   6191 3762       4       jdk.internal.loader.ClassLoaders$AppClassLoader::loadClass (40 bytes)
C2 CompilerThread2   6192 3771   !   4       jdk.internal.loader.BuiltinClassLoader::findClassOnClassPathOrNull (64 bytes)

VM state:not at safepoint (normal execution)

VM Mutex/Monitor currently owned by a thread: None

Heap address: 0x0000000703200000, size: 4046 MB, Compressed Oops mode: Zero based, Oop shift amount: 3
Narrow klass base: 0x0000000800000000, Narrow klass shift: 0
Compressed class space size: 1073741824 Address: 0x0000000800000000

Heap:
 garbage-first heap   total 260096K, used 92106K [0x0000000703200000, 0x0000000800000000)
  region size 1024K, 84 young (86016K), 7 survivors (7168K)
 Metaspace       used 42461K, capacity 43758K, committed 44108K, reserved 1087488K
  class space    used 5301K, capacity 5862K, committed 5964K, reserved 1048576K
Heap Regions: E=young(eden), S=young(survivor), O=old, HS=humongous(starts), HC=humongous(continues), CS=collection set, F=free, A=archive, TAMS=top-at-mark-start (previous, next)
|   0|0x0000000703200000, 0x0000000703300000, 0x0000000703300000|100%|HS|  |TAMS 0x0000000703300000, 0x0000000703200000| Complete 
|   1|0x0000000703300000, 0x0000000703400000, 0x0000000703400000|100%| O|  |TAMS 0x0000000703400000, 0x0000000703300000| Untracked 
|   2|0x0000000703400000, 0x0000000703500000, 0x0000000703500000|100%| O|  |TAMS 0x0000000703500000, 0x0000000703400000| Untracked 
|   3|0x0000000703500000, 0x0000000703600000, 0x0000000703600000|100%| O|  |TAMS 0x0000000703600000, 0x0000000703500000| Untracked 
|   4|0x0000000703600000, 0x0000000703700000, 0x0000000703700000|100%| O|  |TAMS 0x0000000703700000, 0x0000000703600000| Untracked 
|   5|0x0000000703700000, 0x0000000703800000, 0x0000000703800000|100%| O|  |TAMS 0x0000000703800000, 0x0000000703700000| Untracked 
|   6|0x0000000703800000, 0x0000000703900000, 0x0000000703900000|100%| O|  |TAMS 0x0000000703900000, 0x0000000703800000| Untracked 
|   7|0x0000000703900000, 0x000000070396f600, 0x0000000703a00000| 43%| O|  |TAMS 0x000000070396f600, 0x0000000703900000| Untracked 
|   8|0x0000000703a00000, 0x0000000703a00000, 0x0000000703b00000|  0%| F|  |TAMS 0x0000000703a00000, 0x0000000703a00000| Untracked 
|   9|0x0000000703b00000, 0x0000000703b00000, 0x0000000703c00000|  0%| F|  |TAMS 0x0000000703b00000, 0x0000000703b00000| Untracked 
|  10|0x0000000703c00000, 0x0000000703c00000, 0x0000000703d00000|  0%| F|  |TAMS 0x0000000703c00000, 0x0000000703c00000| Untracked 
|  11|0x0000000703d00000, 0x0000000703d00000, 0x0000000703e00000|  0%| F|  |TAMS 0x0000000703d00000, 0x0000000703d00000| Untracked 
|  12|0x0000000703e00000, 0x0000000703e00000, 0x0000000703f00000|  0%| F|  |TAMS 0x0000000703e00000, 0x0000000703e00000| Untracked 
|  13|0x0000000703f00000, 0x0000000703f00000, 0x0000000704000000|  0%| F|  |TAMS 0x0000000703f00000, 0x0000000703f00000| Untracked 
|  14|0x0000000704000000, 0x0000000704000000, 0x0000000704100000|  0%| F|  |TAMS 0x0000000704000000, 0x0000000704000000| Untracked 
|  15|0x0000000704100000, 0x0000000704100000, 0x0000000704200000|  0%| F|  |TAMS 0x0000000704100000, 0x0000000704100000| Untracked 
|  16|0x0000000704200000, 0x0000000704200000, 0x0000000704300000|  0%| F|  |TAMS 0x0000000704200000, 0x0000000704200000| Untracked 
|  17|0x0000000704300000, 0x0000000704300000, 0x0000000704400000|  0%| F|  |TAMS 0x0000000704300000, 0x0000000704300000| Untracked 
|  18|0x0000000704400000, 0x0000000704400000, 0x0000000704500000|  0%| F|  |TAMS 0x0000000704400000, 0x0000000704400000| Untracked 
|  19|0x0000000704500000, 0x0000000704500000, 0x0000000704600000|  0%| F|  |TAMS 0x0000000704500000, 0x0000000704500000| Untracked 
|  20|0x0000000704600000, 0x0000000704600000, 0x0000000704700000|  0%| F|  |TAMS 0x0000000704600000, 0x0000000704600000| Untracked 
|  21|0x0000000704700000, 0x0000000704700000, 0x0000000704800000|  0%| F|  |TAMS 0x0000000704700000, 0x0000000704700000| Untracked 
|  22|0x0000000704800000, 0x0000000704800000, 0x0000000704900000|  0%| F|  |TAMS 0x0000000704800000, 0x0000000704800000| Untracked 
|  23|0x0000000704900000, 0x0000000704900000, 0x0000000704a00000|  0%| F|  |TAMS 0x0000000704900000, 0x0000000704900000| Untracked 
|  24|0x0000000704a00000, 0x0000000704a00000, 0x0000000704b00000|  0%| F|  |TAMS 0x0000000704a00000, 0x0000000704a00000| Untracked 
|  25|0x0000000704b00000, 0x0000000704b00000, 0x0000000704c00000|  0%| F|  |TAMS 0x0000000704b00000, 0x0000000704b00000| Untracked 
|  26|0x0000000704c00000, 0x0000000704c00000, 0x0000000704d00000|  0%| F|  |TAMS 0x0000000704c00000, 0x0000000704c00000| Untracked 
|  27|0x0000000704d00000, 0x0000000704d00000, 0x0000000704e00000|  0%| F|  |TAMS 0x0000000704d00000, 0x0000000704d00000| Untracked 
|  28|0x0000000704e00000, 0x0000000704e00000, 0x0000000704f00000|  0%| F|  |TAMS 0x0000000704e00000, 0x0000000704e00000| Untracked 
|  29|0x0000000704f00000, 0x0000000704f00000, 0x0000000705000000|  0%| F|  |TAMS 0x0000000704f00000, 0x0000000704f00000| Untracked 
|  30|0x0000000705000000, 0x0000000705000000, 0x0000000705100000|  0%| F|  |TAMS 0x0000000705000000, 0x0000000705000000| Untracked 
|  31|0x0000000705100000, 0x0000000705100000, 0x0000000705200000|  0%| F|  |TAMS 0x0000000705100000, 0x0000000705100000| Untracked 
|  32|0x0000000705200000, 0x0000000705200000, 0x0000000705300000|  0%| F|  |TAMS 0x0000000705200000, 0x0000000705200000| Untracked 
|  33|0x0000000705300000, 0x0000000705300000, 0x0000000705400000|  0%| F|  |TAMS 0x0000000705300000, 0x0000000705300000| Untracked 
|  34|0x0000000705400000, 0x0000000705400000, 0x0000000705500000|  0%| F|  |TAMS 0x0000000705400000, 0x0000000705400000| Untracked 
|  35|0x0000000705500000, 0x0000000705500000, 0x0000000705600000|  0%| F|  |TAMS 0x0000000705500000, 0x0000000705500000| Untracked 
|  36|0x0000000705600000, 0x0000000705600000, 0x0000000705700000|  0%| F|  |TAMS 0x0000000705600000, 0x0000000705600000| Untracked 
|  37|0x0000000705700000, 0x0000000705700000, 0x0000000705800000|  0%| F|  |TAMS 0x0000000705700000, 0x0000000705700000| Untracked 
|  38|0x0000000705800000, 0x0000000705800000, 0x0000000705900000|  0%| F|  |TAMS 0x0000000705800000, 0x0000000705800000| Untracked 
|  39|0x0000000705900000, 0x0000000705900000, 0x0000000705a00000|  0%| F|  |TAMS 0x0000000705900000, 0x0000000705900000| Untracked 
|  40|0x0000000705a00000, 0x0000000705a00000, 0x0000000705b00000|  0%| F|  |TAMS 0x0000000705a00000, 0x0000000705a00000| Untracked 
|  41|0x0000000705b00000, 0x0000000705b00000, 0x0000000705c00000|  0%| F|  |TAMS 0x0000000705b00000, 0x0000000705b00000| Untracked 
|  42|0x0000000705c00000, 0x0000000705c00000, 0x0000000705d00000|  0%| F|  |TAMS 0x0000000705c00000, 0x0000000705c00000| Untracked 
|  43|0x0000000705d00000, 0x0000000705d00000, 0x0000000705e00000|  0%| F|  |TAMS 0x0000000705d00000, 0x0000000705d00000| Untracked 
|  44|0x0000000705e00000, 0x0000000705e00000, 0x0000000705f00000|  0%| F|  |TAMS 0x0000000705e00000, 0x0000000705e00000| Untracked 
|  45|0x0000000705f00000, 0x0000000705f00000, 0x0000000706000000|  0%| F|  |TAMS 0x0000000705f00000, 0x0000000705f00000| Untracked 
|  46|0x0000000706000000, 0x0000000706000000, 0x0000000706100000|  0%| F|  |TAMS 0x0000000706000000, 0x0000000706000000| Untracked 
|  47|0x0000000706100000, 0x0000000706100000, 0x0000000706200000|  0%| F|  |TAMS 0x0000000706100000, 0x0000000706100000| Untracked 
|  48|0x0000000706200000, 0x0000000706200000, 0x0000000706300000|  0%| F|  |TAMS 0x0000000706200000, 0x0000000706200000| Untracked 
|  49|0x0000000706300000, 0x0000000706300000, 0x0000000706400000|  0%| F|  |TAMS 0x0000000706300000, 0x0000000706300000| Untracked 
|  50|0x0000000706400000, 0x0000000706400000, 0x0000000706500000|  0%| F|  |TAMS 0x0000000706400000, 0x0000000706400000| Untracked 
|  51|0x0000000706500000, 0x0000000706500000, 0x0000000706600000|  0%| F|  |TAMS 0x0000000706500000, 0x0000000706500000| Untracked 
|  52|0x0000000706600000, 0x0000000706600000, 0x0000000706700000|  0%| F|  |TAMS 0x0000000706600000, 0x0000000706600000| Untracked 
|  53|0x0000000706700000, 0x0000000706700000, 0x0000000706800000|  0%| F|  |TAMS 0x0000000706700000, 0x0000000706700000| Untracked 
|  54|0x0000000706800000, 0x0000000706800000, 0x0000000706900000|  0%| F|  |TAMS 0x0000000706800000, 0x0000000706800000| Untracked 
|  55|0x0000000706900000, 0x0000000706900000, 0x0000000706a00000|  0%| F|  |TAMS 0x0000000706900000, 0x0000000706900000| Untracked 
|  56|0x0000000706a00000, 0x0000000706a00000, 0x0000000706b00000|  0%| F|  |TAMS 0x0000000706a00000, 0x0000000706a00000| Untracked 
|  57|0x0000000706b00000, 0x0000000706b00000, 0x0000000706c00000|  0%| F|  |TAMS 0x0000000706b00000, 0x0000000706b00000| Untracked 
|  58|0x0000000706c00000, 0x0000000706c00000, 0x0000000706d00000|  0%| F|  |TAMS 0x0000000706c00000, 0x0000000706c00000| Untracked 
|  59|0x0000000706d00000, 0x0000000706d00000, 0x0000000706e00000|  0%| F|  |TAMS 0x0000000706d00000, 0x0000000706d00000| Untracked 
|  60|0x0000000706e00000, 0x0000000706e00000, 0x0000000706f00000|  0%| F|  |TAMS 0x0000000706e00000, 0x0000000706e00000| Untracked 
|  61|0x0000000706f00000, 0x0000000706f00000, 0x0000000707000000|  0%| F|  |TAMS 0x0000000706f00000, 0x0000000706f00000| Untracked 
|  62|0x0000000707000000, 0x0000000707000000, 0x0000000707100000|  0%| F|  |TAMS 0x0000000707000000, 0x0000000707000000| Untracked 
|  63|0x0000000707100000, 0x0000000707100000, 0x0000000707200000|  0%| F|  |TAMS 0x0000000707100000, 0x0000000707100000| Untracked 
|  64|0x0000000707200000, 0x0000000707200000, 0x0000000707300000|  0%| F|  |TAMS 0x0000000707200000, 0x0000000707200000| Untracked 
|  65|0x0000000707300000, 0x0000000707300000, 0x0000000707400000|  0%| F|  |TAMS 0x0000000707300000, 0x0000000707300000| Untracked 
|  66|0x0000000707400000, 0x0000000707400000, 0x0000000707500000|  0%| F|  |TAMS 0x0000000707400000, 0x0000000707400000| Untracked 
|  67|0x0000000707500000, 0x0000000707500000, 0x0000000707600000|  0%| F|  |TAMS 0x0000000707500000, 0x0000000707500000| Untracked 
|  68|0x0000000707600000, 0x0000000707600000, 0x0000000707700000|  0%| F|  |TAMS 0x0000000707600000, 0x0000000707600000| Untracked 
|  69|0x0000000707700000, 0x0000000707700000, 0x0000000707800000|  0%| F|  |TAMS 0x0000000707700000, 0x0000000707700000| Untracked 
|  70|0x0000000707800000, 0x0000000707800000, 0x0000000707900000|  0%| F|  |TAMS 0x0000000707800000, 0x0000000707800000| Untracked 
|  71|0x0000000707900000, 0x0000000707900000, 0x0000000707a00000|  0%| F|  |TAMS 0x0000000707900000, 0x0000000707900000| Untracked 
|  72|0x0000000707a00000, 0x0000000707a00000, 0x0000000707b00000|  0%| F|  |TAMS 0x0000000707a00000, 0x0000000707a00000| Untracked 
|  73|0x0000000707b00000, 0x0000000707b00000, 0x0000000707c00000|  0%| F|  |TAMS 0x0000000707b00000, 0x0000000707b00000| Untracked 
|  74|0x0000000707c00000, 0x0000000707c00000, 0x0000000707d00000|  0%| F|  |TAMS 0x0000000707c00000, 0x0000000707c00000| Untracked 
|  75|0x0000000707d00000, 0x0000000707d00000, 0x0000000707e00000|  0%| F|  |TAMS 0x0000000707d00000, 0x0000000707d00000| Untracked 
|  76|0x0000000707e00000, 0x0000000707e00000, 0x0000000707f00000|  0%| F|  |TAMS 0x0000000707e00000, 0x0000000707e00000| Untracked 
|  77|0x0000000707f00000, 0x0000000707f00000, 0x0000000708000000|  0%| F|  |TAMS 0x0000000707f00000, 0x0000000707f00000| Untracked 
|  78|0x0000000708000000, 0x0000000708000000, 0x0000000708100000|  0%| F|  |TAMS 0x0000000708000000, 0x0000000708000000| Untracked 
|  79|0x0000000708100000, 0x0000000708100000, 0x0000000708200000|  0%| F|  |TAMS 0x0000000708100000, 0x0000000708100000| Untracked 
|  80|0x0000000708200000, 0x0000000708200000, 0x0000000708300000|  0%| F|  |TAMS 0x0000000708200000, 0x0000000708200000| Untracked 
|  81|0x0000000708300000, 0x0000000708300000, 0x0000000708400000|  0%| F|  |TAMS 0x0000000708300000, 0x0000000708300000| Untracked 
|  82|0x0000000708400000, 0x0000000708400000, 0x0000000708500000|  0%| F|  |TAMS 0x0000000708400000, 0x0000000708400000| Untracked 
|  83|0x0000000708500000, 0x0000000708500000, 0x0000000708600000|  0%| F|  |TAMS 0x0000000708500000, 0x0000000708500000| Untracked 
|  84|0x0000000708600000, 0x0000000708600000, 0x0000000708700000|  0%| F|  |TAMS 0x0000000708600000, 0x0000000708600000| Untracked 
|  85|0x0000000708700000, 0x0000000708700000, 0x0000000708800000|  0%| F|  |TAMS 0x0000000708700000, 0x0000000708700000| Untracked 
|  86|0x0000000708800000, 0x0000000708800000, 0x0000000708900000|  0%| F|  |TAMS 0x0000000708800000, 0x0000000708800000| Untracked 
|  87|0x0000000708900000, 0x0000000708900000, 0x0000000708a00000|  0%| F|  |TAMS 0x0000000708900000, 0x0000000708900000| Untracked 
|  88|0x0000000708a00000, 0x0000000708a00000, 0x0000000708b00000|  0%| F|  |TAMS 0x0000000708a00000, 0x0000000708a00000| Untracked 
|  89|0x0000000708b00000, 0x0000000708b00000, 0x0000000708c00000|  0%| F|  |TAMS 0x0000000708b00000, 0x0000000708b00000| Untracked 
|  90|0x0000000708c00000, 0x0000000708c00000, 0x0000000708d00000|  0%| F|  |TAMS 0x0000000708c00000, 0x0000000708c00000| Untracked 
|  91|0x0000000708d00000, 0x0000000708d00000, 0x0000000708e00000|  0%| F|  |TAMS 0x0000000708d00000, 0x0000000708d00000| Untracked 
|  92|0x0000000708e00000, 0x0000000708e00000, 0x0000000708f00000|  0%| F|  |TAMS 0x0000000708e00000, 0x0000000708e00000| Untracked 
|  93|0x0000000708f00000, 0x0000000708f00000, 0x0000000709000000|  0%| F|  |TAMS 0x0000000708f00000, 0x0000000708f00000| Untracked 
|  94|0x0000000709000000, 0x0000000709000000, 0x0000000709100000|  0%| F|  |TAMS 0x0000000709000000, 0x0000000709000000| Untracked 
|  95|0x0000000709100000, 0x0000000709100000, 0x0000000709200000|  0%| F|  |TAMS 0x0000000709100000, 0x0000000709100000| Untracked 
|  96|0x0000000709200000, 0x0000000709200000, 0x0000000709300000|  0%| F|  |TAMS 0x0000000709200000, 0x0000000709200000| Untracked 
|  97|0x0000000709300000, 0x0000000709300000, 0x0000000709400000|  0%| F|  |TAMS 0x0000000709300000, 0x0000000709300000| Untracked 
|  98|0x0000000709400000, 0x0000000709400000, 0x0000000709500000|  0%| F|  |TAMS 0x0000000709400000, 0x0000000709400000| Untracked 
|  99|0x0000000709500000, 0x0000000709500000, 0x0000000709600000|  0%| F|  |TAMS 0x0000000709500000, 0x0000000709500000| Untracked 
| 100|0x0000000709600000, 0x0000000709600000, 0x0000000709700000|  0%| F|  |TAMS 0x0000000709600000, 0x0000000709600000| Untracked 
| 101|0x0000000709700000, 0x0000000709700000, 0x0000000709800000|  0%| F|  |TAMS 0x0000000709700000, 0x0000000709700000| Untracked 
| 102|0x0000000709800000, 0x0000000709800000, 0x0000000709900000|  0%| F|  |TAMS 0x0000000709800000, 0x0000000709800000| Untracked 
| 103|0x0000000709900000, 0x0000000709900000, 0x0000000709a00000|  0%| F|  |TAMS 0x0000000709900000, 0x0000000709900000| Untracked 
| 104|0x0000000709a00000, 0x0000000709a00000, 0x0000000709b00000|  0%| F|  |TAMS 0x0000000709a00000, 0x0000000709a00000| Untracked 
| 105|0x0000000709b00000, 0x0000000709b00000, 0x0000000709c00000|  0%| F|  |TAMS 0x0000000709b00000, 0x0000000709b00000| Untracked 
| 106|0x0000000709c00000, 0x0000000709c00000, 0x0000000709d00000|  0%| F|  |TAMS 0x0000000709c00000, 0x0000000709c00000| Untracked 
| 107|0x0000000709d00000, 0x0000000709d00000, 0x0000000709e00000|  0%| F|  |TAMS 0x0000000709d00000, 0x0000000709d00000| Untracked 
| 108|0x0000000709e00000, 0x0000000709e00000, 0x0000000709f00000|  0%| F|  |TAMS 0x0000000709e00000, 0x0000000709e00000| Untracked 
| 109|0x0000000709f00000, 0x0000000709f00000, 0x000000070a000000|  0%| F|  |TAMS 0x0000000709f00000, 0x0000000709f00000| Untracked 
| 110|0x000000070a000000, 0x000000070a000000, 0x000000070a100000|  0%| F|  |TAMS 0x000000070a000000, 0x000000070a000000| Untracked 
| 111|0x000000070a100000, 0x000000070a100000, 0x000000070a200000|  0%| F|  |TAMS 0x000000070a100000, 0x000000070a100000| Untracked 
| 112|0x000000070a200000, 0x000000070a200000, 0x000000070a300000|  0%| F|  |TAMS 0x000000070a200000, 0x000000070a200000| Untracked 
| 113|0x000000070a300000, 0x000000070a300000, 0x000000070a400000|  0%| F|  |TAMS 0x000000070a300000, 0x000000070a300000| Untracked 
| 114|0x000000070a400000, 0x000000070a400000, 0x000000070a500000|  0%| F|  |TAMS 0x000000070a400000, 0x000000070a400000| Untracked 
| 115|0x000000070a500000, 0x000000070a500000, 0x000000070a600000|  0%| F|  |TAMS 0x000000070a500000, 0x000000070a500000| Untracked 
| 116|0x000000070a600000, 0x000000070a600000, 0x000000070a700000|  0%| F|  |TAMS 0x000000070a600000, 0x000000070a600000| Untracked 
| 117|0x000000070a700000, 0x000000070a700000, 0x000000070a800000|  0%| F|  |TAMS 0x000000070a700000, 0x000000070a700000| Untracked 
| 118|0x000000070a800000, 0x000000070a800000, 0x000000070a900000|  0%| F|  |TAMS 0x000000070a800000, 0x000000070a800000| Untracked 
| 119|0x000000070a900000, 0x000000070a900000, 0x000000070aa00000|  0%| F|  |TAMS 0x000000070a900000, 0x000000070a900000| Untracked 
| 120|0x000000070aa00000, 0x000000070aa00000, 0x000000070ab00000|  0%| F|  |TAMS 0x000000070aa00000, 0x000000070aa00000| Untracked 
| 121|0x000000070ab00000, 0x000000070ab00000, 0x000000070ac00000|  0%| F|  |TAMS 0x000000070ab00000, 0x000000070ab00000| Untracked 
| 122|0x000000070ac00000, 0x000000070ac00000, 0x000000070ad00000|  0%| F|  |TAMS 0x000000070ac00000, 0x000000070ac00000| Untracked 
| 123|0x000000070ad00000, 0x000000070ad00000, 0x000000070ae00000|  0%| F|  |TAMS 0x000000070ad00000, 0x000000070ad00000| Untracked 
| 124|0x000000070ae00000, 0x000000070ae00000, 0x000000070af00000|  0%| F|  |TAMS 0x000000070ae00000, 0x000000070ae00000| Untracked 
| 125|0x000000070af00000, 0x000000070af00000, 0x000000070b000000|  0%| F|  |TAMS 0x000000070af00000, 0x000000070af00000| Untracked 
| 126|0x000000070b000000, 0x000000070b083280, 0x000000070b100000| 51%| S|CS|TAMS 0x000000070b000000, 0x000000070b000000| Complete 
| 127|0x000000070b100000, 0x000000070b200000, 0x000000070b200000|100%| S|CS|TAMS 0x000000070b100000, 0x000000070b100000| Complete 
| 128|0x000000070b200000, 0x000000070b300000, 0x000000070b300000|100%| S|CS|TAMS 0x000000070b200000, 0x000000070b200000| Complete 
| 129|0x000000070b300000, 0x000000070b400000, 0x000000070b400000|100%| S|CS|TAMS 0x000000070b300000, 0x000000070b300000| Complete 
| 130|0x000000070b400000, 0x000000070b500000, 0x000000070b500000|100%| S|CS|TAMS 0x000000070b400000, 0x000000070b400000| Complete 
| 131|0x000000070b500000, 0x000000070b600000, 0x000000070b600000|100%| S|CS|TAMS 0x000000070b500000, 0x000000070b500000| Complete 
| 132|0x000000070b600000, 0x000000070b700000, 0x000000070b700000|100%| S|CS|TAMS 0x000000070b600000, 0x000000070b600000| Complete 
| 133|0x000000070b700000, 0x000000070b700000, 0x000000070b800000|  0%| F|  |TAMS 0x000000070b700000, 0x000000070b700000| Untracked 
| 134|0x000000070b800000, 0x000000070b800000, 0x000000070b900000|  0%| F|  |TAMS 0x000000070b800000, 0x000000070b800000| Untracked 
| 135|0x000000070b900000, 0x000000070b900000, 0x000000070ba00000|  0%| F|  |TAMS 0x000000070b900000, 0x000000070b900000| Untracked 
| 136|0x000000070ba00000, 0x000000070ba00000, 0x000000070bb00000|  0%| F|  |TAMS 0x000000070ba00000, 0x000000070ba00000| Untracked 
| 137|0x000000070bb00000, 0x000000070bb00000, 0x000000070bc00000|  0%| F|  |TAMS 0x000000070bb00000, 0x000000070bb00000| Untracked 
| 138|0x000000070bc00000, 0x000000070bc00000, 0x000000070bd00000|  0%| F|  |TAMS 0x000000070bc00000, 0x000000070bc00000| Untracked 
| 139|0x000000070bd00000, 0x000000070bd00000, 0x000000070be00000|  0%| F|  |TAMS 0x000000070bd00000, 0x000000070bd00000| Untracked 
| 140|0x000000070be00000, 0x000000070be00000, 0x000000070bf00000|  0%| F|  |TAMS 0x000000070be00000, 0x000000070be00000| Untracked 
| 141|0x000000070bf00000, 0x000000070bf00000, 0x000000070c000000|  0%| F|  |TAMS 0x000000070bf00000, 0x000000070bf00000| Untracked 
| 142|0x000000070c000000, 0x000000070c000000, 0x000000070c100000|  0%| F|  |TAMS 0x000000070c000000, 0x000000070c000000| Untracked 
| 143|0x000000070c100000, 0x000000070c100000, 0x000000070c200000|  0%| F|  |TAMS 0x000000070c100000, 0x000000070c100000| Untracked 
| 144|0x000000070c200000, 0x000000070c200000, 0x000000070c300000|  0%| F|  |TAMS 0x000000070c200000, 0x000000070c200000| Untracked 
| 145|0x000000070c300000, 0x000000070c300000, 0x000000070c400000|  0%| F|  |TAMS 0x000000070c300000, 0x000000070c300000| Untracked 
| 146|0x000000070c400000, 0x000000070c400000, 0x000000070c500000|  0%| F|  |TAMS 0x000000070c400000, 0x000000070c400000| Untracked 
| 147|0x000000070c500000, 0x000000070c500000, 0x000000070c600000|  0%| F|  |TAMS 0x000000070c500000, 0x000000070c500000| Untracked 
| 148|0x000000070c600000, 0x000000070c600000, 0x000000070c700000|  0%| F|  |TAMS 0x000000070c600000, 0x000000070c600000| Untracked 
| 149|0x000000070c700000, 0x000000070c700000, 0x000000070c800000|  0%| F|  |TAMS 0x000000070c700000, 0x000000070c700000| Untracked 
| 150|0x000000070c800000, 0x000000070c800000, 0x000000070c900000|  0%| F|  |TAMS 0x000000070c800000, 0x000000070c800000| Untracked 
| 151|0x000000070c900000, 0x000000070c900000, 0x000000070ca00000|  0%| F|  |TAMS 0x000000070c900000, 0x000000070c900000| Untracked 
| 152|0x000000070ca00000, 0x000000070ca00000, 0x000000070cb00000|  0%| F|  |TAMS 0x000000070ca00000, 0x000000070ca00000| Untracked 
| 153|0x000000070cb00000, 0x000000070cb00000, 0x000000070cc00000|  0%| F|  |TAMS 0x000000070cb00000, 0x000000070cb00000| Untracked 
| 154|0x000000070cc00000, 0x000000070cc00000, 0x000000070cd00000|  0%| F|  |TAMS 0x000000070cc00000, 0x000000070cc00000| Untracked 
| 155|0x000000070cd00000, 0x000000070cd00000, 0x000000070ce00000|  0%| F|  |TAMS 0x000000070cd00000, 0x000000070cd00000| Untracked 
| 156|0x000000070ce00000, 0x000000070ce00000, 0x000000070cf00000|  0%| F|  |TAMS 0x000000070ce00000, 0x000000070ce00000| Untracked 
| 157|0x000000070cf00000, 0x000000070cf00000, 0x000000070d000000|  0%| F|  |TAMS 0x000000070cf00000, 0x000000070cf00000| Untracked 
| 158|0x000000070d000000, 0x000000070d000000, 0x000000070d100000|  0%| F|  |TAMS 0x000000070d000000, 0x000000070d000000| Untracked 
| 159|0x000000070d100000, 0x000000070d100000, 0x000000070d200000|  0%| F|  |TAMS 0x000000070d100000, 0x000000070d100000| Untracked 
| 160|0x000000070d200000, 0x000000070d200000, 0x000000070d300000|  0%| F|  |TAMS 0x000000070d200000, 0x000000070d200000| Untracked 
| 161|0x000000070d300000, 0x000000070d300000, 0x000000070d400000|  0%| F|  |TAMS 0x000000070d300000, 0x000000070d300000| Untracked 
| 162|0x000000070d400000, 0x000000070d400000, 0x000000070d500000|  0%| F|  |TAMS 0x000000070d400000, 0x000000070d400000| Untracked 
| 163|0x000000070d500000, 0x000000070d500000, 0x000000070d600000|  0%| F|  |TAMS 0x000000070d500000, 0x000000070d500000| Untracked 
| 164|0x000000070d600000, 0x000000070d600000, 0x000000070d700000|  0%| F|  |TAMS 0x000000070d600000, 0x000000070d600000| Untracked 
| 165|0x000000070d700000, 0x000000070d700000, 0x000000070d800000|  0%| F|  |TAMS 0x000000070d700000, 0x000000070d700000| Untracked 
| 166|0x000000070d800000, 0x000000070d800000, 0x000000070d900000|  0%| F|  |TAMS 0x000000070d800000, 0x000000070d800000| Untracked 
| 167|0x000000070d900000, 0x000000070d900000, 0x000000070da00000|  0%| F|  |TAMS 0x000000070d900000, 0x000000070d900000| Untracked 
| 168|0x000000070da00000, 0x000000070da00000, 0x000000070db00000|  0%| F|  |TAMS 0x000000070da00000, 0x000000070da00000| Untracked 
| 169|0x000000070db00000, 0x000000070db00000, 0x000000070dc00000|  0%| F|  |TAMS 0x000000070db00000, 0x000000070db00000| Untracked 
| 170|0x000000070dc00000, 0x000000070dc00000, 0x000000070dd00000|  0%| F|  |TAMS 0x000000070dc00000, 0x000000070dc00000| Untracked 
| 171|0x000000070dd00000, 0x000000070dd00000, 0x000000070de00000|  0%| F|  |TAMS 0x000000070dd00000, 0x000000070dd00000| Untracked 
| 172|0x000000070de00000, 0x000000070de00000, 0x000000070df00000|  0%| F|  |TAMS 0x000000070de00000, 0x000000070de00000| Untracked 
| 173|0x000000070df00000, 0x000000070df00000, 0x000000070e000000|  0%| F|  |TAMS 0x000000070df00000, 0x000000070df00000| Untracked 
| 174|0x000000070e000000, 0x000000070e000000, 0x000000070e100000|  0%| F|  |TAMS 0x000000070e000000, 0x000000070e000000| Untracked 
| 175|0x000000070e100000, 0x000000070e100000, 0x000000070e200000|  0%| F|  |TAMS 0x000000070e100000, 0x000000070e100000| Untracked 
| 176|0x000000070e200000, 0x000000070e200000, 0x000000070e300000|  0%| F|  |TAMS 0x000000070e200000, 0x000000070e200000| Untracked 
| 177|0x000000070e300000, 0x000000070e400000, 0x000000070e400000|100%| E|  |TAMS 0x000000070e300000, 0x000000070e300000| Complete 
| 178|0x000000070e400000, 0x000000070e500000, 0x000000070e500000|100%| E|CS|TAMS 0x000000070e400000, 0x000000070e400000| Complete 
| 179|0x000000070e500000, 0x000000070e600000, 0x000000070e600000|100%| E|CS|TAMS 0x000000070e500000, 0x000000070e500000| Complete 
| 180|0x000000070e600000, 0x000000070e700000, 0x000000070e700000|100%| E|CS|TAMS 0x000000070e600000, 0x000000070e600000| Complete 
| 181|0x000000070e700000, 0x000000070e800000, 0x000000070e800000|100%| E|CS|TAMS 0x000000070e700000, 0x000000070e700000| Complete 
| 182|0x000000070e800000, 0x000000070e900000, 0x000000070e900000|100%| E|CS|TAMS 0x000000070e800000, 0x000000070e800000| Complete 
| 183|0x000000070e900000, 0x000000070ea00000, 0x000000070ea00000|100%| E|CS|TAMS 0x000000070e900000, 0x000000070e900000| Complete 
| 184|0x000000070ea00000, 0x000000070eb00000, 0x000000070eb00000|100%| E|CS|TAMS 0x000000070ea00000, 0x000000070ea00000| Complete 
| 185|0x000000070eb00000, 0x000000070ec00000, 0x000000070ec00000|100%| E|CS|TAMS 0x000000070eb00000, 0x000000070eb00000| Complete 
| 186|0x000000070ec00000, 0x000000070ed00000, 0x000000070ed00000|100%| E|CS|TAMS 0x000000070ec00000, 0x000000070ec00000| Complete 
| 187|0x000000070ed00000, 0x000000070ee00000, 0x000000070ee00000|100%| E|CS|TAMS 0x000000070ed00000, 0x000000070ed00000| Complete 
| 188|0x000000070ee00000, 0x000000070ef00000, 0x000000070ef00000|100%| E|CS|TAMS 0x000000070ee00000, 0x000000070ee00000| Complete 
| 189|0x000000070ef00000, 0x000000070f000000, 0x000000070f000000|100%| E|CS|TAMS 0x000000070ef00000, 0x000000070ef00000| Complete 
| 190|0x000000070f000000, 0x000000070f100000, 0x000000070f100000|100%| E|CS|TAMS 0x000000070f000000, 0x000000070f000000| Complete 
| 191|0x000000070f100000, 0x000000070f200000, 0x000000070f200000|100%| E|CS|TAMS 0x000000070f100000, 0x000000070f100000| Complete 
| 192|0x000000070f200000, 0x000000070f300000, 0x000000070f300000|100%| E|CS|TAMS 0x000000070f200000, 0x000000070f200000| Complete 
| 193|0x000000070f300000, 0x000000070f400000, 0x000000070f400000|100%| E|CS|TAMS 0x000000070f300000, 0x000000070f300000| Complete 
| 194|0x000000070f400000, 0x000000070f500000, 0x000000070f500000|100%| E|CS|TAMS 0x000000070f400000, 0x000000070f400000| Complete 
| 195|0x000000070f500000, 0x000000070f600000, 0x000000070f600000|100%| E|CS|TAMS 0x000000070f500000, 0x000000070f500000| Complete 
| 196|0x000000070f600000, 0x000000070f700000, 0x000000070f700000|100%| E|CS|TAMS 0x000000070f600000, 0x000000070f600000| Complete 
| 197|0x000000070f700000, 0x000000070f800000, 0x000000070f800000|100%| E|CS|TAMS 0x000000070f700000, 0x000000070f700000| Complete 
| 198|0x000000070f800000, 0x000000070f900000, 0x000000070f900000|100%| E|CS|TAMS 0x000000070f800000, 0x000000070f800000| Complete 
| 199|0x000000070f900000, 0x000000070fa00000, 0x000000070fa00000|100%| E|CS|TAMS 0x000000070f900000, 0x000000070f900000| Complete 
| 200|0x000000070fa00000, 0x000000070fb00000, 0x000000070fb00000|100%| E|CS|TAMS 0x000000070fa00000, 0x000000070fa00000| Complete 
| 201|0x000000070fb00000, 0x000000070fc00000, 0x000000070fc00000|100%| E|CS|TAMS 0x000000070fb00000, 0x000000070fb00000| Complete 
| 202|0x000000070fc00000, 0x000000070fd00000, 0x000000070fd00000|100%| E|CS|TAMS 0x000000070fc00000, 0x000000070fc00000| Complete 
| 203|0x000000070fd00000, 0x000000070fe00000, 0x000000070fe00000|100%| E|CS|TAMS 0x000000070fd00000, 0x000000070fd00000| Complete 
| 204|0x000000070fe00000, 0x000000070ff00000, 0x000000070ff00000|100%| E|CS|TAMS 0x000000070fe00000, 0x000000070fe00000| Complete 
| 205|0x000000070ff00000, 0x0000000710000000, 0x0000000710000000|100%| E|CS|TAMS 0x000000070ff00000, 0x000000070ff00000| Complete 
| 206|0x0000000710000000, 0x0000000710100000, 0x0000000710100000|100%| E|CS|TAMS 0x0000000710000000, 0x0000000710000000| Complete 
| 207|0x0000000710100000, 0x0000000710200000, 0x0000000710200000|100%| E|CS|TAMS 0x0000000710100000, 0x0000000710100000| Complete 
| 208|0x0000000710200000, 0x0000000710300000, 0x0000000710300000|100%| E|CS|TAMS 0x0000000710200000, 0x0000000710200000| Complete 
| 209|0x0000000710300000, 0x0000000710400000, 0x0000000710400000|100%| E|CS|TAMS 0x0000000710300000, 0x0000000710300000| Complete 
| 210|0x0000000710400000, 0x0000000710500000, 0x0000000710500000|100%| E|CS|TAMS 0x0000000710400000, 0x0000000710400000| Complete 
| 211|0x0000000710500000, 0x0000000710600000, 0x0000000710600000|100%| E|CS|TAMS 0x0000000710500000, 0x0000000710500000| Complete 
| 212|0x0000000710600000, 0x0000000710700000, 0x0000000710700000|100%| E|CS|TAMS 0x0000000710600000, 0x0000000710600000| Complete 
| 213|0x0000000710700000, 0x0000000710800000, 0x0000000710800000|100%| E|CS|TAMS 0x0000000710700000, 0x0000000710700000| Complete 
| 214|0x0000000710800000, 0x0000000710900000, 0x0000000710900000|100%| E|CS|TAMS 0x0000000710800000, 0x0000000710800000| Complete 
| 215|0x0000000710900000, 0x0000000710a00000, 0x0000000710a00000|100%| E|CS|TAMS 0x0000000710900000, 0x0000000710900000| Complete 
| 216|0x0000000710a00000, 0x0000000710b00000, 0x0000000710b00000|100%| E|CS|TAMS 0x0000000710a00000, 0x0000000710a00000| Complete 
| 217|0x0000000710b00000, 0x0000000710c00000, 0x0000000710c00000|100%| E|CS|TAMS 0x0000000710b00000, 0x0000000710b00000| Complete 
| 218|0x0000000710c00000, 0x0000000710d00000, 0x0000000710d00000|100%| E|CS|TAMS 0x0000000710c00000, 0x0000000710c00000| Complete 
| 219|0x0000000710d00000, 0x0000000710e00000, 0x0000000710e00000|100%| E|CS|TAMS 0x0000000710d00000, 0x0000000710d00000| Complete 
| 220|0x0000000710e00000, 0x0000000710f00000, 0x0000000710f00000|100%| E|CS|TAMS 0x0000000710e00000, 0x0000000710e00000| Complete 
| 221|0x0000000710f00000, 0x0000000711000000, 0x0000000711000000|100%| E|CS|TAMS 0x0000000710f00000, 0x0000000710f00000| Complete 
| 222|0x0000000711000000, 0x0000000711100000, 0x0000000711100000|100%| E|CS|TAMS 0x0000000711000000, 0x0000000711000000| Complete 
| 223|0x0000000711100000, 0x0000000711200000, 0x0000000711200000|100%| E|CS|TAMS 0x0000000711100000, 0x0000000711100000| Complete 
| 224|0x0000000711200000, 0x0000000711300000, 0x0000000711300000|100%| E|CS|TAMS 0x0000000711200000, 0x0000000711200000| Complete 
| 225|0x0000000711300000, 0x0000000711400000, 0x0000000711400000|100%| E|CS|TAMS 0x0000000711300000, 0x0000000711300000| Complete 
| 226|0x0000000711400000, 0x0000000711500000, 0x0000000711500000|100%| E|CS|TAMS 0x0000000711400000, 0x0000000711400000| Complete 
| 227|0x0000000711500000, 0x0000000711600000, 0x0000000711600000|100%| E|CS|TAMS 0x0000000711500000, 0x0000000711500000| Complete 
| 228|0x0000000711600000, 0x0000000711700000, 0x0000000711700000|100%| E|CS|TAMS 0x0000000711600000, 0x0000000711600000| Complete 
| 229|0x0000000711700000, 0x0000000711800000, 0x0000000711800000|100%| E|CS|TAMS 0x0000000711700000, 0x0000000711700000| Complete 
| 230|0x0000000711800000, 0x0000000711900000, 0x0000000711900000|100%| E|CS|TAMS 0x0000000711800000, 0x0000000711800000| Complete 
| 231|0x0000000711900000, 0x0000000711a00000, 0x0000000711a00000|100%| E|CS|TAMS 0x0000000711900000, 0x0000000711900000| Complete 
| 232|0x0000000711a00000, 0x0000000711b00000, 0x0000000711b00000|100%| E|CS|TAMS 0x0000000711a00000, 0x0000000711a00000| Complete 
| 233|0x0000000711b00000, 0x0000000711c00000, 0x0000000711c00000|100%| E|CS|TAMS 0x0000000711b00000, 0x0000000711b00000| Complete 
| 234|0x0000000711c00000, 0x0000000711d00000, 0x0000000711d00000|100%| E|CS|TAMS 0x0000000711c00000, 0x0000000711c00000| Complete 
| 235|0x0000000711d00000, 0x0000000711e00000, 0x0000000711e00000|100%| E|CS|TAMS 0x0000000711d00000, 0x0000000711d00000| Complete 
| 236|0x0000000711e00000, 0x0000000711f00000, 0x0000000711f00000|100%| E|CS|TAMS 0x0000000711e00000, 0x0000000711e00000| Complete 
| 237|0x0000000711f00000, 0x0000000712000000, 0x0000000712000000|100%| E|CS|TAMS 0x0000000711f00000, 0x0000000711f00000| Complete 
| 238|0x0000000712000000, 0x0000000712100000, 0x0000000712100000|100%| E|CS|TAMS 0x0000000712000000, 0x0000000712000000| Complete 
| 239|0x0000000712100000, 0x0000000712200000, 0x0000000712200000|100%| E|CS|TAMS 0x0000000712100000, 0x0000000712100000| Complete 
| 240|0x0000000712200000, 0x0000000712300000, 0x0000000712300000|100%| E|CS|TAMS 0x0000000712200000, 0x0000000712200000| Complete 
| 241|0x0000000712300000, 0x0000000712400000, 0x0000000712400000|100%| E|CS|TAMS 0x0000000712300000, 0x0000000712300000| Complete 
| 242|0x0000000712400000, 0x0000000712500000, 0x0000000712500000|100%| E|CS|TAMS 0x0000000712400000, 0x0000000712400000| Complete 
| 243|0x0000000712500000, 0x0000000712600000, 0x0000000712600000|100%| E|CS|TAMS 0x0000000712500000, 0x0000000712500000| Complete 
| 244|0x0000000712600000, 0x0000000712700000, 0x0000000712700000|100%| E|CS|TAMS 0x0000000712600000, 0x0000000712600000| Complete 
| 245|0x0000000712700000, 0x0000000712800000, 0x0000000712800000|100%| E|CS|TAMS 0x0000000712700000, 0x0000000712700000| Complete 
| 246|0x0000000712800000, 0x0000000712900000, 0x0000000712900000|100%| E|CS|TAMS 0x0000000712800000, 0x0000000712800000| Complete 
| 247|0x0000000712900000, 0x0000000712a00000, 0x0000000712a00000|100%| E|CS|TAMS 0x0000000712900000, 0x0000000712900000| Complete 
| 248|0x0000000712a00000, 0x0000000712b00000, 0x0000000712b00000|100%| E|CS|TAMS 0x0000000712a00000, 0x0000000712a00000| Complete 
| 249|0x0000000712b00000, 0x0000000712c00000, 0x0000000712c00000|100%| E|CS|TAMS 0x0000000712b00000, 0x0000000712b00000| Complete 
| 250|0x0000000712c00000, 0x0000000712d00000, 0x0000000712d00000|100%| E|CS|TAMS 0x0000000712c00000, 0x0000000712c00000| Complete 
| 251|0x0000000712d00000, 0x0000000712e00000, 0x0000000712e00000|100%| E|CS|TAMS 0x0000000712d00000, 0x0000000712d00000| Complete 
| 252|0x0000000712e00000, 0x0000000712f00000, 0x0000000712f00000|100%| E|CS|TAMS 0x0000000712e00000, 0x0000000712e00000| Complete 
| 253|0x0000000712f00000, 0x0000000713000000, 0x0000000713000000|100%| E|CS|TAMS 0x0000000712f00000, 0x0000000712f00000| Complete 

Card table byte_map: [0x00000156a2ea0000,0x00000156a3690000] _byte_map_base: 0x000001569f687000

Marking Bits (Prev, Next): (CMBitMap*) 0x0000015689051108, (CMBitMap*) 0x0000015689051140
 Prev Bits: [0x00000156a3e80000, 0x00000156a7db8000)
 Next Bits: [0x00000156a7dc0000, 0x00000156abcf8000)

Polling page: 0x0000015692c10000

Metaspace:

Usage:
  Non-class:     37.01 MB capacity,    36.29 MB ( 98%) used,   580.85 KB (  2%) free+waste,   155.63 KB ( <1%) overhead. 
      Class:      5.72 MB capacity,     5.18 MB ( 90%) used,   484.25 KB (  8%) free+waste,    76.19 KB (  1%) overhead. 
       Both:     42.73 MB capacity,    41.47 MB ( 97%) used,     1.04 MB (  2%) free+waste,   231.81 KB ( <1%) overhead. 

Virtual space:
  Non-class space:       38.00 MB reserved,      37.25 MB ( 98%) committed 
      Class space:        1.00 GB reserved,       5.82 MB ( <1%) committed 
             Both:        1.04 GB reserved,      43.07 MB (  4%) committed 

Chunk freelists:
   Non-Class:  7.00 KB
       Class:  3.25 KB
        Both:  10.25 KB

CodeHeap 'non-profiled nmethods': size=120000Kb used=2204Kb max_used=2204Kb free=117795Kb
 bounds [0x000001569a700000, 0x000001569a970000, 0x00000156a1c30000]
CodeHeap 'profiled nmethods': size=120000Kb used=8884Kb max_used=8884Kb free=111115Kb
 bounds [0x00000156931d0000, 0x0000015693a80000, 0x000001569a700000]
CodeHeap 'non-nmethods': size=5760Kb used=1147Kb max_used=1194Kb free=4612Kb
 bounds [0x0000015692c30000, 0x0000015692ea0000, 0x00000156931d0000]
 total_blobs=4258 nmethods=3787 adapters=382
 compilation: enabled
              stopped_count=0, restarted_count=0
 full_count=0

Compilation events (10 events):
Event: 6.133 Thread 0x00000156af1a8800 3786       3       java.lang.Integer::reverseBytes (26 bytes)
Event: 6.133 Thread 0x00000156af1a8800 nmethod 3786 0x0000015693a7ad10 code [0x0000015693a7aea0, 0x0000015693a7afb8]
Event: 6.134 Thread 0x00000156af1a8800 3788       3       sun.security.provider.SHA::implCompress0 (482 bytes)
Event: 6.135 Thread 0x00000156af1a8800 nmethod 3788 0x0000015693a7b090 code [0x0000015693a7b2a0, 0x0000015693a7bb78]
Event: 6.136 Thread 0x00000156af1a8800 3789       3       sun.security.provider.SHA::implCompress (13 bytes)
Event: 6.136 Thread 0x00000156af1a8800 nmethod 3789 0x0000015693a7c010 code [0x0000015693a7c1e0, 0x0000015693a7c528]
Event: 6.136 Thread 0x00000156af1a8800 3790       3       sun.security.provider.SHA::implCompressCheck (15 bytes)
Event: 6.136 Thread 0x00000156af1a8800 nmethod 3790 0x0000015693a7c690 code [0x0000015693a7c860, 0x0000015693a7cb18]
Event: 6.136 Thread 0x00000156af1a8800 3791       3       java.lang.ThreadLocal::get (38 bytes)
Event: 6.137 Thread 0x00000156af1a8800 nmethod 3791 0x0000015693a7cc10 code [0x0000015693a7cde0, 0x0000015693a7d0c8]

GC Heap History (8 events):
Event: 0.917 GC heap before
{Heap before GC invocations=0 (full 0):
 garbage-first heap   total 260096K, used 24576K [0x0000000703200000, 0x0000000800000000)
  region size 1024K, 24 young (24576K), 0 survivors (0K)
 Metaspace       used 11866K, capacity 12173K, committed 12288K, reserved 1060864K
  class space    used 1163K, capacity 1252K, committed 1280K, reserved 1048576K
}
Event: 0.922 GC heap after
{Heap after GC invocations=1 (full 0):
 garbage-first heap   total 260096K, used 7724K [0x0000000703200000, 0x0000000800000000)
  region size 1024K, 3 young (3072K), 3 survivors (3072K)
 Metaspace       used 11866K, capacity 12173K, committed 12288K, reserved 1060864K
  class space    used 1163K, capacity 1252K, committed 1280K, reserved 1048576K
}
Event: 2.161 GC heap before
{Heap before GC invocations=1 (full 0):
 garbage-first heap   total 260096K, used 58924K [0x0000000703200000, 0x0000000800000000)
  region size 1024K, 54 young (55296K), 3 survivors (3072K)
 Metaspace       used 20480K, capacity 21205K, committed 21248K, reserved 1069056K
  class space    used 2280K, capacity 2553K, committed 2560K, reserved 1048576K
}
Event: 2.169 GC heap after
{Heap after GC invocations=2 (full 0):
 garbage-first heap   total 260096K, used 10050K [0x0000000703200000, 0x0000000800000000)
  region size 1024K, 6 young (6144K), 6 survivors (6144K)
 Metaspace       used 20480K, capacity 21205K, committed 21248K, reserved 1069056K
  class space    used 2280K, capacity 2553K, committed 2560K, reserved 1048576K
}
Event: 3.171 GC heap before
{Heap before GC invocations=3 (full 0):
 garbage-first heap   total 260096K, used 63298K [0x0000000703200000, 0x0000000800000000)
  region size 1024K, 58 young (59392K), 6 survivors (6144K)
 Metaspace       used 27260K, capacity 28236K, committed 28288K, reserved 1073152K
  class space    used 3286K, capacity 3681K, committed 3712K, reserved 1048576K
}
Event: 3.179 GC heap after
{Heap after GC invocations=4 (full 0):
 garbage-first heap   total 260096K, used 12073K [0x0000000703200000, 0x0000000800000000)
  region size 1024K, 5 young (5120K), 5 survivors (5120K)
 Metaspace       used 27260K, capacity 28236K, committed 28288K, reserved 1073152K
  class space    used 3286K, capacity 3681K, committed 3712K, reserved 1048576K
}
Event: 4.380 GC heap before
{Heap before GC invocations=4 (full 0):
 garbage-first heap   total 260096K, used 128809K [0x0000000703200000, 0x0000000800000000)
  region size 1024K, 121 young (123904K), 5 survivors (5120K)
 Metaspace       used 34713K, capacity 35825K, committed 35840K, reserved 1081344K
  class space    used 4173K, capacity 4593K, committed 4608K, reserved 1048576K
}
Event: 4.389 GC heap after
{Heap after GC invocations=5 (full 0):
 garbage-first heap   total 260096K, used 14282K [0x0000000703200000, 0x0000000800000000)
  region size 1024K, 7 young (7168K), 7 survivors (7168K)
 Metaspace       used 34713K, capacity 35825K, committed 35840K, reserved 1081344K
  class space    used 4173K, capacity 4593K, committed 4608K, reserved 1048576K
}

Deoptimization events (10 events):
Event: 5.334 Thread 0x0000015688fef800 Uncommon trap: reason=profile_predicate action=maybe_recompile pc=0x000001569a8f3bd0 method=java.lang.PublicMethods$MethodList.filter([Ljava/lang/reflect/Method;Ljava/lang/String;[Ljava/lang/Class;Z)Ljava/lang/PublicMethods$MethodList; @ 21 c2
Event: 5.335 Thread 0x0000015688fef800 Uncommon trap: reason=profile_predicate action=maybe_recompile pc=0x000001569a8f3bd0 method=java.lang.PublicMethods$MethodList.filter([Ljava/lang/reflect/Method;Ljava/lang/String;[Ljava/lang/Class;Z)Ljava/lang/PublicMethods$MethodList; @ 21 c2
Event: 5.335 Thread 0x0000015688fef800 Uncommon trap: reason=class_check action=maybe_recompile pc=0x000001569a893418 method=java.util.concurrent.ConcurrentHashMap.putVal(Ljava/lang/Object;Ljava/lang/Object;Z)Ljava/lang/Object; @ 242 c2
Event: 5.336 Thread 0x0000015688fef800 Uncommon trap: reason=speculate_class_check action=maybe_recompile pc=0x000001569a8f5324 method=java.lang.reflect.Executable.declaredAnnotations()Ljava/util/Map; @ 23 c2
Event: 5.344 Thread 0x0000015688fef800 Uncommon trap: reason=unstable_if action=reinterpret pc=0x000001569a8e7454 method=org.springframework.boot.context.properties.source.ConfigurationPropertyName.getElement(ILorg/springframework/boot/context/properties/source/ConfigurationPropertyName$Form;)
Event: 5.360 Thread 0x0000015688fef800 Uncommon trap: reason=speculate_class_check action=maybe_recompile pc=0x000001569a8f5324 method=java.lang.reflect.Executable.declaredAnnotations()Ljava/util/Map; @ 23 c2
Event: 5.400 Thread 0x0000015688fef800 Uncommon trap: reason=unstable_if action=reinterpret pc=0x000001569a8faec0 method=java.lang.PublicMethods$MethodList.filter([Ljava/lang/reflect/Method;Ljava/lang/String;[Ljava/lang/Class;Z)Ljava/lang/PublicMethods$MethodList; @ 58 c2
Event: 5.496 Thread 0x0000015688fef800 Uncommon trap: reason=unstable_if action=reinterpret pc=0x000001569a78cef4 method=java.util.zip.ZipFile$Source.getEntryPos([BZ)I @ 145 c2
Event: 5.496 Thread 0x0000015688fef800 Uncommon trap: reason=unstable_if action=reinterpret pc=0x000001569a749644 method=java.util.jar.JarFile.getVersionedEntry(Ljava/lang/String;Ljava/util/jar/JarEntry;)Ljava/util/jar/JarEntry; @ 67 c2
Event: 5.880 Thread 0x0000015688fef800 Uncommon trap: reason=intrinsic_or_type_checked_inlining action=make_not_entrant pc=0x000001569a912238 method=java.util.ArrayList.toArray([Ljava/lang/Object;)[Ljava/lang/Object; @ 36 c2

Classes redefined (0 events):
No events

Internal exceptions (10 events):
Event: 5.459 Thread 0x0000015688fef800 Exception <a 'java/lang/ClassNotFoundException'{0x000000070fd63150}: org/springframework/beans/factory/AwareCustomizer> (0x000000070fd63150) thrown at [./open/src/hotspot/share/classfile/systemDictionary.cpp, line 228]
Event: 5.460 Thread 0x0000015688fef800 Exception <a 'java/lang/ClassNotFoundException'{0x000000070fd78668}: org/springframework/beans/factory/BeanFactoryAwareCustomizer> (0x000000070fd78668) thrown at [./open/src/hotspot/share/classfile/systemDictionary.cpp, line 228]
Event: 5.461 Thread 0x0000015688fef800 Exception <a 'java/lang/ClassNotFoundException'{0x000000070fd8ce88}: org/springframework/beans/factory/AwareCustomizer> (0x000000070fd8ce88) thrown at [./open/src/hotspot/share/classfile/systemDictionary.cpp, line 228]
Event: 5.463 Thread 0x0000015688fef800 Exception <a 'java/lang/ClassNotFoundException'{0x000000070fda1710}: org/springframework/beans/factory/BeanNameAwareCustomizer> (0x000000070fda1710) thrown at [./open/src/hotspot/share/classfile/systemDictionary.cpp, line 228]
Event: 5.464 Thread 0x0000015688fef800 Exception <a 'java/lang/ClassNotFoundException'{0x000000070fdb5b98}: org/springframework/beans/factory/AwareCustomizer> (0x000000070fdb5b98) thrown at [./open/src/hotspot/share/classfile/systemDictionary.cpp, line 228]
Event: 5.465 Thread 0x0000015688fef800 Exception <a 'java/lang/ClassNotFoundException'{0x000000070fdcb0b0}: org/springframework/beans/factory/InitializingBeanCustomizer> (0x000000070fdcb0b0) thrown at [./open/src/hotspot/share/classfile/systemDictionary.cpp, line 228]
Event: 5.465 Thread 0x0000015688fef800 Exception <a 'java/lang/ClassNotFoundException'{0x000000070fde0748}: org/springframework/beans/factory/DisposableBeanCustomizer> (0x000000070fde0748) thrown at [./open/src/hotspot/share/classfile/systemDictionary.cpp, line 228]
Event: 5.466 Thread 0x0000015688fef800 Exception <a 'java/lang/ClassNotFoundException'{0x000000070fdf7060}: org/springframework/orm/jpa/EntityManagerFactoryInfoCustomizer> (0x000000070fdf7060) thrown at [./open/src/hotspot/share/classfile/systemDictionary.cpp, line 228]
Event: 5.468 Thread 0x0000015688fef800 Exception <a 'java/lang/ClassNotFoundException'{0x000000070fc19118}: org/springframework/dao/support/PersistenceExceptionTranslatorCustomizer> (0x000000070fc19118) thrown at [./open/src/hotspot/share/classfile/systemDictionary.cpp, line 228]
Event: 6.119 Thread 0x0000015688fef800 Exception <a 'java/lang/NoSuchMethodError'{0x000000070e3daea0}: java.lang.invoke.DirectMethodHandle$Holder.invokeStaticInit(Ljava/lang/Object;IIII)Ljava/lang/Object;> (0x000000070e3daea0) thrown at [./open/src/hotspot/share/interpreter/linkResolver.cpp, l

Events (10 events):
Event: 6.132 loading class sun/security/provider/SeedGenerator$1
Event: 6.132 loading class sun/security/provider/SeedGenerator$1 done
Event: 6.132 loading class sun/security/provider/ByteArrayAccess
Event: 6.132 loading class sun/security/provider/ByteArrayAccess done
Event: 6.136 loading class java/net/NetworkInterface$1
Event: 6.136 loading class java/net/NetworkInterface$1 done
Event: 6.136 loading class java/net/InterfaceAddress
Event: 6.137 loading class java/net/InterfaceAddress done
Event: 6.137 loading class java/net/DefaultInterface
Event: 6.137 loading class java/net/DefaultInterface done


Dynamic libraries:
0x00007ff713e60000 - 0x00007ff713e6f000 	C:\Program Files\Java\jdk-11.0.10\bin\java.exe
0x00007fff5c6f0000 - 0x00007fff5c904000 	C:\WINDOWS\SYSTEM32\ntdll.dll
0x00007fff5b690000 - 0x00007fff5b752000 	C:\WINDOWS\System32\KERNEL32.DLL
0x00007fff59fb0000 - 0x00007fff5a353000 	C:\WINDOWS\System32\KERNELBASE.dll
0x00007fff59e90000 - 0x00007fff59fa1000 	C:\WINDOWS\System32\ucrtbase.dll
0x00007fff46dc0000 - 0x00007fff46dd8000 	C:\Program Files\Java\jdk-11.0.10\bin\jli.dll
0x00007fff4f4b0000 - 0x00007fff4f4c5000 	C:\Program Files\Java\jdk-11.0.10\bin\VCRUNTIME140.dll
0x00007fff5b5e0000 - 0x00007fff5b68e000 	C:\WINDOWS\System32\ADVAPI32.dll
0x00007fff5b530000 - 0x00007fff5b5d7000 	C:\WINDOWS\System32\msvcrt.dll
0x00007fff5a4d0000 - 0x00007fff5a574000 	C:\WINDOWS\System32\sechost.dll
0x00007fff5bc70000 - 0x00007fff5bd87000 	C:\WINDOWS\System32\RPCRT4.dll
0x00007fff5a8e0000 - 0x00007fff5aa8a000 	C:\WINDOWS\System32\USER32.dll
0x00007fff59e60000 - 0x00007fff59e86000 	C:\WINDOWS\System32\win32u.dll
0x00007fff5a580000 - 0x00007fff5a5a9000 	C:\WINDOWS\System32\GDI32.dll
0x00007fff59c30000 - 0x00007fff59d49000 	C:\WINDOWS\System32\gdi32full.dll
0x00007fff43180000 - 0x00007fff4340e000 	C:\WINDOWS\WinSxS\amd64_microsoft.windows.common-controls_6595b64144ccf1df_6.0.22621.1635_none_270f70857386168e\COMCTL32.dll
0x00007fff59dc0000 - 0x00007fff59e5a000 	C:\WINDOWS\System32\msvcp_win.dll
0x00007fff4ff10000 - 0x00007fff4ff1a000 	C:\WINDOWS\SYSTEM32\VERSION.dll
0x00007fff5a8a0000 - 0x00007fff5a8d1000 	C:\WINDOWS\System32\IMM32.DLL
0x00007fff35630000 - 0x00007fff356cb000 	C:\Program Files\Java\jdk-11.0.10\bin\msvcp140.dll
0x00007ffe87560000 - 0x00007ffe8805b000 	C:\Program Files\Java\jdk-11.0.10\bin\server\jvm.dll
0x00007fff5ba70000 - 0x00007fff5ba78000 	C:\WINDOWS\System32\PSAPI.DLL
0x00007fff44140000 - 0x00007fff44149000 	C:\WINDOWS\SYSTEM32\WSOCK32.dll
0x00007fff51b30000 - 0x00007fff51b64000 	C:\WINDOWS\SYSTEM32\WINMM.dll
0x00007fff5a5b0000 - 0x00007fff5a621000 	C:\WINDOWS\System32\WS2_32.dll
0x00007fff58af0000 - 0x00007fff58b08000 	C:\WINDOWS\SYSTEM32\kernel.appcore.dll
0x00007fff54ee0000 - 0x00007fff54ef0000 	C:\Program Files\Java\jdk-11.0.10\bin\verify.dll
0x00007fff57390000 - 0x00007fff575be000 	C:\WINDOWS\SYSTEM32\DBGHELP.DLL
0x00007fff5ab10000 - 0x00007fff5ae99000 	C:\WINDOWS\System32\combase.dll
0x00007fff5aea0000 - 0x00007fff5af77000 	C:\WINDOWS\System32\OLEAUT32.dll
0x00007fff55b50000 - 0x00007fff55b82000 	C:\WINDOWS\SYSTEM32\dbgcore.DLL
0x00007fff59bb0000 - 0x00007fff59c2a000 	C:\WINDOWS\System32\bcryptPrimitives.dll
0x00007fff46c80000 - 0x00007fff46ca8000 	C:\Program Files\Java\jdk-11.0.10\bin\java.dll
0x00007fff528d0000 - 0x00007fff528da000 	C:\Program Files\Java\jdk-11.0.10\bin\jimage.dll
0x00007fff4fc00000 - 0x00007fff4fc0e000 	C:\Program Files\Java\jdk-11.0.10\bin\instrument.dll
0x00007fff43f40000 - 0x00007fff43f56000 	C:\Program Files\Java\jdk-11.0.10\bin\zip.dll
0x00007fff5beb0000 - 0x00007fff5c6a9000 	C:\WINDOWS\System32\SHELL32.dll
0x00007fff57a90000 - 0x00007fff5835e000 	C:\WINDOWS\SYSTEM32\windows.storage.dll
0x00007fff57950000 - 0x00007fff57a8e000 	C:\WINDOWS\SYSTEM32\wintypes.dll
0x00007fff5b970000 - 0x00007fff5ba61000 	C:\WINDOWS\System32\SHCORE.dll
0x00007fff5b910000 - 0x00007fff5b96e000 	C:\WINDOWS\System32\shlwapi.dll
0x00007fff59a20000 - 0x00007fff59a46000 	C:\WINDOWS\SYSTEM32\profapi.dll
0x00007fff3ee30000 - 0x00007fff3ee49000 	C:\Program Files\Java\jdk-11.0.10\bin\net.dll
0x00007fff557d0000 - 0x00007fff55907000 	C:\WINDOWS\SYSTEM32\WINHTTP.dll
0x00007fff58f70000 - 0x00007fff58fd9000 	C:\WINDOWS\system32\mswsock.dll
0x00007fff3ee10000 - 0x00007fff3ee22000 	C:\Program Files\Java\jdk-11.0.10\bin\nio.dll
0x00007fff4fbc0000 - 0x00007fff4fbda000 	C:\Users\b6350\AppData\Local\JetBrains\Toolbox\apps\IDEA-C\ch-0\223.8214.52\bin\breakgen64.dll
0x00007fff4ab80000 - 0x00007fff4ab89000 	C:\Program Files\Java\jdk-11.0.10\bin\management.dll
0x00007fff47870000 - 0x00007fff4787b000 	C:\Program Files\Java\jdk-11.0.10\bin\management_ext.dll
0x00007fff3c4d0000 - 0x00007fff3c4e7000 	C:\WINDOWS\system32\napinsp.dll
0x00007fff3c440000 - 0x00007fff3c45b000 	C:\WINDOWS\system32\pnrpnsp.dll
0x00007fff58630000 - 0x00007fff58723000 	C:\WINDOWS\SYSTEM32\DNSAPI.dll
0x00007fff58600000 - 0x00007fff5862d000 	C:\WINDOWS\SYSTEM32\IPHLPAPI.DLL
0x00007fff5a890000 - 0x00007fff5a899000 	C:\WINDOWS\System32\NSI.dll
0x00007fff3c420000 - 0x00007fff3c431000 	C:\WINDOWS\System32\winrnr.dll
0x00007fff51910000 - 0x00007fff51925000 	C:\WINDOWS\system32\wshbth.dll
0x00007fff3c3f0000 - 0x00007fff3c411000 	C:\WINDOWS\system32\nlansp_c.dll
0x00007fff48d20000 - 0x00007fff48d2a000 	C:\Windows\System32\rasadhlp.dll
0x00007fff4fb00000 - 0x00007fff4fb84000 	C:\WINDOWS\System32\fwpuclnt.dll
0x00007fff59270000 - 0x00007fff5928b000 	C:\WINDOWS\SYSTEM32\CRYPTSP.dll
0x00007fff58a60000 - 0x00007fff58a95000 	C:\WINDOWS\system32\rsaenh.dll
0x00007fff590c0000 - 0x00007fff590ec000 	C:\WINDOWS\SYSTEM32\USERENV.dll
0x00007fff59470000 - 0x00007fff59498000 	C:\WINDOWS\SYSTEM32\bcrypt.dll
0x00007fff59260000 - 0x00007fff5926c000 	C:\WINDOWS\SYSTEM32\CRYPTBASE.dll
0x00007fff51a50000 - 0x00007fff51a69000 	C:\WINDOWS\SYSTEM32\dhcpcsvc6.DLL
0x00007fff51950000 - 0x00007fff5196f000 	C:\WINDOWS\SYSTEM32\dhcpcsvc.DLL

dbghelp: loaded successfully - version: 4.0.5 - missing functions: none
symbol engine: initialized successfully - sym options: 0x614 - pdb path: .;C:\Program Files\Java\jdk-11.0.10\bin;C:\WINDOWS\SYSTEM32;C:\WINDOWS\WinSxS\amd64_microsoft.windows.common-controls_6595b64144ccf1df_6.0.22621.1635_none_270f70857386168e;C:\Program Files\Java\jdk-11.0.10\bin\server;C:\Users\b6350\AppData\Local\JetBrains\Toolbox\apps\IDEA-C\ch-0\223.8214.52\bin

VM Arguments:
jvm_args: -ea -Didea.test.cyclic.buffer.size=1048576 -javaagent:C:\Users\b6350\AppData\Local\JetBrains\Toolbox\apps\IDEA-C\ch-0\223.8214.52\lib\idea_rt.jar=55064:C:\Users\b6350\AppData\Local\JetBrains\Toolbox\apps\IDEA-C\ch-0\223.8214.52\bin -Dfile.encoding=UTF-8 
java_command: com.intellij.rt.junit.JUnitStarter -ideVersion5 -junit5 springjpaexercise.useritempromotionexample.unittest.controller.user.ValidTest,invalidUsername
java_class_path (initial): C:\Users\b6350\.m2\repository\org\junit\platform\junit-platform-launcher\1.8.2\junit-platform-launcher-1.8.2.jar;C:\Users\b6350\.m2\repository\org\junit\platform\junit-platform-engine\1.8.2\junit-platform-engine-1.8.2.jar;C:\Users\b6350\.m2\repository\org\opentest4j\opentest4j\1.2.0\opentest4j-1.2.0.jar;C:\Users\b6350\.m2\repository\org\junit\platform\junit-platform-commons\1.8.2\junit-platform-commons-1.8.2.jar;C:\Users\b6350\.m2\repository\org\apiguardian\apiguardian-api\1.1.2\apiguardian-api-1.1.2.jar;C:\Users\b6350\AppData\Local\JetBrains\Toolbox\apps\IDEA-C\ch-0\223.8214.52\lib\idea_rt.jar;C:\Users\b6350\AppData\Local\JetBrains\Toolbox\apps\IDEA-C\ch-0\223.8214.52\plugins\junit\lib\junit5-rt.jar;C:\Users\b6350\AppData\Local\JetBrains\Toolbox\apps\IDEA-C\ch-0\223.8214.52\plugins\junit\lib\junit-rt.jar;C:\Users\b6350\intelliJProject\useritempromotionexample\out\test\classes;C:\Users\b6350\intelliJProject\useritempromotionexample\out\production\classes;C:\Users\b6350\intelliJProject\useritempromotionexample\out\production\resources;C:\Users\b6350\.gradle\caches\modules-2\files-2.1\org.springframework.boot\spring-boot-starter-data-jpa\2.7.13\98aba6063ce411ae5e7ce263ce7c7012427559a6\spring-boot-starter-data-jpa-2.7.13.jar;C:\Users\b6350\.gradle\caches\modules-2\files-2.1\org.springframework.boot\spring-boot-starter-validation\2.7.13\7afa516cf9064c4764a5e944886b559b1eb0b136\spring-boot-starter-validation-2.7.13.jar;C:\Users\b6350\.gradle\caches\modules-2\files-2.1\org.springframework.boot\spring-boot-starter-web\2.7.13\707bd743fa544ca06a78a657465c1ca0f5084ea4\spring-boot-starter-web-2.7.13.jar;C:\Users\b6350\.gradle\caches\modules-2\files-2.1\org.projectlombok\lombok\1.18.28\a2ff5da8bcd8b1b26f36b806ced63213362c6dcc\lombok-1.18.28.jar;C:\Users\b6350\.gradle\caches\modules-2\files-2.1\org.springframework.boot\spring-boot-starter-test\2.7.13\c937a5716d02d8dcd64f742d12607993873e7a5a\spring-boot-starter-test-2.7.13.jar;C:\Users\b6350\.gradle\c
Launcher Type: SUN_STANDARD

[Global flags]
     intx CICompilerCount                          = 4                                         {product} {ergonomic}
     uint ConcGCThreads                            = 2                                         {product} {ergonomic}
     uint G1ConcRefinementThreads                  = 8                                         {product} {ergonomic}
   size_t G1HeapRegionSize                         = 1048576                                   {product} {ergonomic}
    uintx GCDrainStackTargetSize                   = 64                                        {product} {ergonomic}
   size_t InitialHeapSize                          = 266338304                                 {product} {ergonomic}
   size_t MarkStackSize                            = 4194304                                   {product} {ergonomic}
   size_t MaxHeapSize                              = 4242538496                                {product} {ergonomic}
   size_t MaxNewSize                               = 2544893952                                {product} {ergonomic}
   size_t MinHeapDeltaBytes                        = 1048576                                   {product} {ergonomic}
    uintx NonNMethodCodeHeapSize                   = 5836300                                {pd product} {ergonomic}
    uintx NonProfiledCodeHeapSize                  = 122910970                              {pd product} {ergonomic}
    uintx ProfiledCodeHeapSize                     = 122910970                              {pd product} {ergonomic}
    uintx ReservedCodeCacheSize                    = 251658240                              {pd product} {ergonomic}
     bool SegmentedCodeCache                       = true                                      {product} {ergonomic}
     bool UseCompressedClassPointers               = true                                 {lp64_product} {ergonomic}
     bool UseCompressedOops                        = true                                 {lp64_product} {ergonomic}
     bool UseG1GC                                  = true                                      {product} {ergonomic}
     bool UseLargePagesIndividualAllocation        = false                                  {pd product} {ergonomic}

Logging:
Log output configuration:
 #0: stdout all=warning uptime,level,tags
 #1: stderr all=off uptime,level,tags

Environment Variables:
PATH=C:\oraclexe\app\oracle\product\11.2.0\server\bin;C:\app\b6350\product\11.2.0\dbhome_1\bin;C:\Program Files\Common Files\Oracle\Java\javapath;C:\Program Files (x86)\Common Files\Oracle\Java\javapath;C:\app\b6350\virtual\product\12.2.0\dbhome_1\bin;C:\Program Files (x86)\Intel\Intel(R) Management Engine Components\iCLS\;C:\Program Files\Intel\Intel(R) Management Engine Components\iCLS\;C:\WINDOWS\system32;C:\WINDOWS;C:\WINDOWS\System32\Wbem;C:\WINDOWS\System32\WindowsPowerShell\v1.0\;C:\WINDOWS\System32\OpenSSH\;C:\Program Files (x86)\Intel\Intel(R) Management Engine Components\DAL;C:\Program Files\Intel\Intel(R) Management Engine Components\DAL;C:\Program Files\MATLAB\R2020a\bin;C:\Users\b6350\anaconda3\Lib\site-packages\graphviz;C:\Program Files (x86)\PuTTY\;C:\Program Files\Java\jdk1.8.0_281\bin;C:\Users\b6350\AppData\Local\Android\Sdk\platform-tools;C:\Program Files\Java\jdk-13.0.2\bin;C:\Program Files (x86)\GnuWin32\bin;C:\Program Files\nodejs\;C:\Program Files\Git\cmd;C:\Program Files\Docker\Docker\resources\bin;C:\Users\b6350\AppData\Local\Programs\Python\Python38\Scripts\;C:\Users\b6350\AppData\Local\Programs\Python\Python38\;C:\Users\b6350\AppData\Local\Microsoft\WindowsApps;C:\texlive\2019\bin\win32;C:\Program Files\Bandizip\;C:\Users\b6350\AppData\Local\JetBrains\Toolbox\scripts;C:\Users\b6350\AppData\Roaming\npm;%USERPROFILE%\AppData\Local\Microsoft\WindowsApps
USERNAME=b6350
OS=Windows_NT
PROCESSOR_IDENTIFIER=Intel64 Family 6 Model 142 Stepping 12, GenuineIntel



---------------  S Y S T E M  ---------------

OS: Windows 10 , 64 bit Build 22621 (10.0.22621.1928)
Hyper-V role detected

CPU:total 8 (initial active 8) (4 cores per cpu, 2 threads per core) family 6 model 142 stepping 12 microcode 0xde, cmov, cx8, fxsr, mmx, sse, sse2, sse3, ssse3, sse4.1, sse4.2, popcnt, avx, avx2, aes, clmul, erms, 3dnowpref, lzcnt, ht, tsc, tscinvbit, bmi1, bmi2, adx, fma

Memory: 4k page, system-wide physical 16178M (4326M free)
TotalPageFile size 18226M (AvailPageFile size 5M)
current process WorkingSet (physical memory assigned to process): 316M, peak: 316M
current process commit charge ("private bytes"): 478M, peak: 480M

vm_info: Java HotSpot(TM) 64-Bit Server VM (11.0.10+8-LTS-162) for windows-amd64 JRE (11.0.10+8-LTS-162), built on Dec  8 2020 16:32:57 by "mach5one" with MS VC++ 15.9 (VS2017)

END.
